<?xml version="1.0" encoding="UTF-8"?>
<testsuite name="LettersTests" tests="1" skipped="0" failures="0" errors="0" timestamp="2023-09-15T09:02:10" hostname="DESKTOP-B23PMIC" time="0.002">
  <properties/>
  <testcase name="testSolution" classname="LettersTests" time="0.002"/>
  <system-out><![CDATA[]]></system-out>
  <system-err><![CDATA[]]></system-err>
</testsuite>
